<?xml version="1.0" encoding="UTF-8"?>
<!-- Generated by org.testng.reporters.JUnitXMLReporter -->
<testsuite hostname="maretskas-Mac-miniQA.local" name="Android Test" tests="1" failures="1" timestamp="10 Sep 2014 08:06:49 GMT" time="12.29" errors="0">
  <testcase name="@AfterTest tearDown" time="0.0" classname="com.westernunion.feature.AllTest">
    <failure type="java.lang.NullPointerException">
      <![CDATA[java.lang.NullPointerException
	at com.westernunion.feature.AllTest.tearDown(AllTest.java:40)
... Removed 22 stack frames]]>
    </failure>
  </testcase> <!-- @AfterTest tearDown -->
  <testcase name="test" time="12.283" classname="com.westernunion.feature.AllTest">
    <failure type="org.openqa.selenium.SessionNotCreatedException" message="Error occured while finding android device: Error occurred while looking for devices/emulators.
io.selendroid.exceptions.SessionNotCreatedException: Error occured while finding android device: Error occurred while looking for devices/emulators.
	at io.selendroid.server.model.SelendroidStandaloneDriver.createNewTestSession(SelendroidStandaloneDriver.java:266)
	at io.selendroid.server.handler.CreateSessionHandler.handle(CreateSessionHandler.java:41)
	at io.selendroid.server.SelendroidServlet.handleRequest(SelendroidServlet.java:127)
	at io.selendroid.server.BaseServlet.handleHttpRequest(BaseServlet.java:70)
	at org.webbitserver.netty.NettyHttpControl.nextHandler(NettyHttpControl.java:78)
	at org.webbitserver.netty.NettyHttpControl.nextHandler(NettyHttpControl.java:62)
	at org.webbitserver.handler.PathMatchHandler.handleHttpRequest(PathMatchHandler.java:33)
	at org.webbitserver.netty.NettyHttpControl.nextHandler(NettyHttpControl.java:78)
	at org.webbitserver.netty.NettyHttpControl.nextHandler(NettyHttpControl.java:62)
	at org.webbitserver.handler.DateHeaderHandler.handleHttpRequest(DateHeaderHandler.java:21)
	at org.webbitserver.netty.NettyHttpControl.nextHandler(NettyHttpControl.java:78)
	at org.webbitserver.netty.NettyHttpControl.nextHandler(NettyHttpControl.java:62)
	at org.webbitserver.handler.ServerHeaderHandler.handleHttpRequest(ServerHeaderHandler.java:25)
	at org.webbitserver.netty.NettyHttpControl.nextHandler(NettyHttpControl.java:78)
	at org.webbitserver.netty.NettyHttpControl.nextHandler(NettyHttpControl.java:67)
	at org.webbitserver.netty.NettyHttpChannelHandler$2.run(NettyHttpChannelHandler.java:72)
	at java.util.concurrent.ThreadPoolExecutor.runWorker(ThreadPoolExecutor.java:1145)
	at java.util.concurrent.ThreadPoolExecutor$Worker.run(ThreadPoolExecutor.java:615)
	at java.lang.Thread.run(Thread.java:745)

Command duration or timeout: 12 milliseconds
Build info: version: &amp;apos;unknown&amp;apos;, revision: &amp;apos;unknown&amp;apos;, time: &amp;apos;unknown&amp;apos;
System info: host: &amp;apos;maretskas-Mac-miniQA.local&amp;apos;, ip: &amp;apos;192.168.2.1&amp;apos;, os.name: &amp;apos;Mac OS X&amp;apos;, os.arch: &amp;apos;x86_64&amp;apos;, os.version: &amp;apos;10.8.5&amp;apos;, java.version: &amp;apos;1.7.0_60&amp;apos;
Driver info: io.selendroid.SelendroidDriver">
      <![CDATA[org.openqa.selenium.SessionNotCreatedException: Error occured while finding android device: Error occurred while looking for devices/emulators.
io.selendroid.exceptions.SessionNotCreatedException: Error occured while finding android device: Error occurred while looking for devices/emulators.
	at io.selendroid.server.model.SelendroidStandaloneDriver.createNewTestSession(SelendroidStandaloneDriver.java:266)
	at io.selendroid.server.handler.CreateSessionHandler.handle(CreateSessionHandler.java:41)
	at io.selendroid.server.SelendroidServlet.handleRequest(SelendroidServlet.java:127)
	at io.selendroid.server.BaseServlet.handleHttpRequest(BaseServlet.java:70)
	at org.webbitserver.netty.NettyHttpControl.nextHandler(NettyHttpControl.java:78)
	at org.webbitserver.netty.NettyHttpControl.nextHandler(NettyHttpControl.java:62)
	at org.webbitserver.handler.PathMatchHandler.handleHttpRequest(PathMatchHandler.java:33)
	at org.webbitserver.netty.NettyHttpControl.nextHandler(NettyHttpControl.java:78)
	at org.webbitserver.netty.NettyHttpControl.nextHandler(NettyHttpControl.java:62)
	at org.webbitserver.handler.DateHeaderHandler.handleHttpRequest(DateHeaderHandler.java:21)
	at org.webbitserver.netty.NettyHttpControl.nextHandler(NettyHttpControl.java:78)
	at org.webbitserver.netty.NettyHttpControl.nextHandler(NettyHttpControl.java:62)
	at org.webbitserver.handler.ServerHeaderHandler.handleHttpRequest(ServerHeaderHandler.java:25)
	at org.webbitserver.netty.NettyHttpControl.nextHandler(NettyHttpControl.java:78)
	at org.webbitserver.netty.NettyHttpControl.nextHandler(NettyHttpControl.java:67)
	at org.webbitserver.netty.NettyHttpChannelHandler$2.run(NettyHttpChannelHandler.java:72)
	at java.util.concurrent.ThreadPoolExecutor.runWorker(ThreadPoolExecutor.java:1145)
	at java.util.concurrent.ThreadPoolExecutor$Worker.run(ThreadPoolExecutor.java:615)
	at java.lang.Thread.run(Thread.java:745)

Command duration or timeout: 12 milliseconds
Build info: version: 'unknown', revision: 'unknown', time: 'unknown'
System info: host: 'maretskas-Mac-miniQA.local', ip: '192.168.2.1', os.name: 'Mac OS X', os.arch: 'x86_64', os.version: '10.8.5', java.version: '1.7.0_60'
Driver info: io.selendroid.SelendroidDriver
	at org.openqa.selenium.remote.ErrorHandler.createThrowable(ErrorHandler.java:193)
	at org.openqa.selenium.remote.ErrorHandler.throwIfResponseFailed(ErrorHandler.java:145)
	at org.openqa.selenium.remote.RemoteWebDriver.execute(RemoteWebDriver.java:595)
	at org.openqa.selenium.remote.RemoteWebDriver.startSession(RemoteWebDriver.java:240)
	at org.openqa.selenium.remote.RemoteWebDriver.<init>(RemoteWebDriver.java:126)
	at org.openqa.selenium.remote.RemoteWebDriver.<init>(RemoteWebDriver.java:153)
	at org.openqa.selenium.remote.RemoteWebDriver.<init>(RemoteWebDriver.java:143)
	at io.selendroid.SelendroidDriver.<init>(SelendroidDriver.java:47)
	at com.iosdriver.util.CommonUtils.launchWuApp(CommonUtils.java:77)
	at com.iosdriver.util.CommonUtils.selectedPlatformServer(CommonUtils.java:106)
	at com.westernunion.feature.AllTest.test(AllTest.java:25)
Caused by: io.selendroid.exceptions.SessionNotCreatedException: Error occured while finding android device: Error occurred while looking for devices/emulators.
io.selendroid.exceptions.SessionNotCreatedException: Error occured while finding android device: Error occurred while looking for devices/emulators.
	at io.selendroid.server.model.SelendroidStandaloneDriver.createNewTestSession(SelendroidStandaloneDriver.java:266)
	at io.selendroid.server.handler.CreateSessionHandler.handle(CreateSessionHandler.java:41)
	at io.selendroid.server.SelendroidServlet.handleRequest(SelendroidServlet.java:127)
	at io.selendroid.server.BaseServlet.handleHttpRequest(BaseServlet.java:70)
	at org.webbitserver.netty.NettyHttpControl.nextHandler(NettyHttpControl.java:78)
	at org.webbitserver.netty.NettyHttpControl.nextHandler(NettyHttpControl.java:62)
	at org.webbitserver.handler.PathMatchHandler.handleHttpRequest(PathMatchHandler.java:33)
	at org.webbitserver.netty.NettyHttpControl.nextHandler(NettyHttpControl.java:78)
	at org.webbitserver.netty.NettyHttpControl.nextHandler(NettyHttpControl.java:62)
	at org.webbitserver.handler.DateHeaderHandler.handleHttpRequest(DateHeaderHandler.java:21)
	at org.webbitserver.netty.NettyHttpControl.nextHandler(NettyHttpControl.java:78)
	at org.webbitserver.netty.NettyHttpControl.nextHandler(NettyHttpControl.java:62)
	at org.webbitserver.handler.ServerHeaderHandler.handleHttpRequest(ServerHeaderHandler.java:25)
	at org.webbitserver.netty.NettyHttpControl.nextHandler(NettyHttpControl.java:78)
	at org.webbitserver.netty.NettyHttpControl.nextHandler(NettyHttpControl.java:67)
	at org.webbitserver.netty.NettyHttpChannelHandler$2.run(NettyHttpChannelHandler.java:72)
	at java.util.concurrent.ThreadPoolExecutor.runWorker(ThreadPoolExecutor.java:1145)
	at java.util.concurrent.ThreadPoolExecutor$Worker.run(ThreadPoolExecutor.java:615)
	at java.lang.Thread.run(Thread.java:745)

... Removed 28 stack frames]]>
    </failure>
  </testcase> <!-- test -->
</testsuite> <!-- Android Test -->
