<?xml version="1.0" encoding="UTF-8"?>
<!-- Generated by org.testng.reporters.JUnitXMLReporter -->
<testsuite hostname="maretskas-Mac-miniQA.local" name="IOS-Test" tests="1" failures="0" timestamp="1 Sep 2014 06:42:55 GMT" time="0.037" errors="0">
  <testcase name="@AfterTest tearDown" time="0.0" classname="com.iosdriver.feature.AllTest">
    <failure type="java.lang.NullPointerException">
      <![CDATA[java.lang.NullPointerException
	at com.iosdriver.feature.AllTest.tearDown(AllTest.java:39)
... Removed 22 stack frames]]>
    </failure>
  </testcase> <!-- @AfterTest tearDown -->
  <testcase name="test" time="0.005" classname="com.iosdriver.feature.AllTest">
    <skipped/>
  </testcase> <!-- test -->
</testsuite> <!-- IOS-Test -->
