<?xml version="1.0" encoding="UTF-8"?>
<!-- Generated by org.testng.reporters.JUnitXMLReporter -->
<testsuite hostname="maretskas-Mac-miniQA.local" name="IOS Test" tests="1" failures="1" timestamp="18 Sep 2014 09:02:16 GMT" time="237.448" errors="0">
  <testcase name="test" time="237.056" classname="com.westernunion.feature.AllTest">
    <failure type="org.openqa.selenium.SessionNotCreatedException" message="{simulator=true, timeHack=false, locale=en_GB, CFBundleName=WesternUnion, device=iphone, language=en, instruments=true} no devices available.
    Known devices: [Simulator[in use by ios-driver]]
Build info: version: &amp;apos;unknown&amp;apos;, revision: &amp;apos;unknown&amp;apos;, time: &amp;apos;unknown&amp;apos;
System info: host: &amp;apos;maretskas-Mac-miniQA.local&amp;apos;, ip: &amp;apos;192.168.2.1&amp;apos;, os.name: &amp;apos;Mac OS X&amp;apos;, os.arch: &amp;apos;x86_64&amp;apos;, os.version: &amp;apos;10.8.5&amp;apos;, java.version: &amp;apos;1.7.0_60&amp;apos;
Driver info: driver.version: unknown
Build info: version: &amp;apos;unknown&amp;apos;, revision: &amp;apos;unknown&amp;apos;, time: &amp;apos;unknown&amp;apos;
System info: host: &amp;apos;maretskas-Mac-miniQA.local&amp;apos;, ip: &amp;apos;192.168.2.1&amp;apos;, os.name: &amp;apos;Mac OS X&amp;apos;, os.arch: &amp;apos;x86_64&amp;apos;, os.version: &amp;apos;10.8.5&amp;apos;, java.version: &amp;apos;1.7.0_60&amp;apos;
Driver info: driver.version: unknown
Command duration or timeout: 17 milliseconds
Build info: version: &amp;apos;unknown&amp;apos;, revision: &amp;apos;unknown&amp;apos;, time: &amp;apos;unknown&amp;apos;
System info: host: &amp;apos;maretskas-Mac-miniQA.local&amp;apos;, ip: &amp;apos;192.168.2.1&amp;apos;, os.name: &amp;apos;Mac OS X&amp;apos;, os.arch: &amp;apos;x86_64&amp;apos;, os.version: &amp;apos;10.8.5&amp;apos;, java.version: &amp;apos;1.7.0_60&amp;apos;
Driver info: org.openqa.selenium.remote.RemoteWebDriver">
      <![CDATA[org.openqa.selenium.SessionNotCreatedException: {simulator=true, timeHack=false, locale=en_GB, CFBundleName=WesternUnion, device=iphone, language=en, instruments=true} no devices available.
    Known devices: [Simulator[in use by ios-driver]]
Build info: version: 'unknown', revision: 'unknown', time: 'unknown'
System info: host: 'maretskas-Mac-miniQA.local', ip: '192.168.2.1', os.name: 'Mac OS X', os.arch: 'x86_64', os.version: '10.8.5', java.version: '1.7.0_60'
Driver info: driver.version: unknown
Build info: version: 'unknown', revision: 'unknown', time: 'unknown'
System info: host: 'maretskas-Mac-miniQA.local', ip: '192.168.2.1', os.name: 'Mac OS X', os.arch: 'x86_64', os.version: '10.8.5', java.version: '1.7.0_60'
Driver info: driver.version: unknown
Command duration or timeout: 17 milliseconds
Build info: version: 'unknown', revision: 'unknown', time: 'unknown'
System info: host: 'maretskas-Mac-miniQA.local', ip: '192.168.2.1', os.name: 'Mac OS X', os.arch: 'x86_64', os.version: '10.8.5', java.version: '1.7.0_60'
Driver info: org.openqa.selenium.remote.RemoteWebDriver
	at org.openqa.selenium.remote.ErrorHandler.createThrowable(ErrorHandler.java:193)
	at org.openqa.selenium.remote.ErrorHandler.throwIfResponseFailed(ErrorHandler.java:145)
	at org.openqa.selenium.remote.RemoteWebDriver.execute(RemoteWebDriver.java:595)
	at org.openqa.selenium.remote.RemoteWebDriver.startSession(RemoteWebDriver.java:240)
	at org.openqa.selenium.remote.RemoteWebDriver.<init>(RemoteWebDriver.java:126)
	at org.openqa.selenium.remote.RemoteWebDriver.<init>(RemoteWebDriver.java:153)
	at com.westernunion.resources.RegistrationActivity.registrationActivityPage(RegistrationActivity.java:94)
	at com.westernunion.feature.AllTest.test(AllTest.java:28)
Caused by: org.openqa.selenium.SessionNotCreatedException: {simulator=true, timeHack=false, locale=en_GB, CFBundleName=WesternUnion, device=iphone, language=en, instruments=true} no devices available.
    Known devices: [Simulator[in use by ios-driver]]
Build info: version: 'unknown', revision: 'unknown', time: 'unknown'
System info: host: 'maretskas-Mac-miniQA.local', ip: '192.168.2.1', os.name: 'Mac OS X', os.arch: 'x86_64', os.version: '10.8.5', java.version: '1.7.0_60'
Driver info: driver.version: unknown
Build info: version: 'unknown', revision: 'unknown', time: 'unknown'
System info: host: 'maretskas-Mac-miniQA.local', ip: '192.168.2.1', os.name: 'Mac OS X', os.arch: 'x86_64', os.version: '10.8.5', java.version: '1.7.0_60'
Driver info: driver.version: unknown
Build info: version: 'unknown', revision: 'unknown', time: 'unknown'
System info: host: 'maretskas-Mac-miniQA.local', ip: '192.168.2.1', os.name: 'Mac OS X', os.arch: 'x86_64', os.version: '10.8.5', java.version: '1.7.0_60'
Driver info: driver.version: unknown
	at org.uiautomation.ios.server.command.uiautomation.NewSessionNHandler.handle(NewSessionNHandler.java:76)
	at org.uiautomation.ios.server.command.BaseCommandHandler.handleAndRunDecorators(BaseCommandHandler.java:104)
	at org.uiautomation.ios.server.servlet.IOSServlet.getResponse(IOSServlet.java:151)
	at org.uiautomation.ios.server.servlet.IOSServlet.process(IOSServlet.java:82)
	at org.uiautomation.ios.server.servlet.IOSServlet.doPost(IOSServlet.java:57)
	at javax.servlet.http.HttpServlet.service(HttpServlet.java:727)
	at javax.servlet.http.HttpServlet.service(HttpServlet.java:820)
	at org.eclipse.jetty.servlet.ServletHolder.handle(ServletHolder.java:533)
	at org.eclipse.jetty.servlet.ServletHandler.doHandle(ServletHandler.java:475)
	at org.eclipse.jetty.server.session.SessionHandler.doHandle(SessionHandler.java:224)
	at org.eclipse.jetty.server.handler.ContextHandler.doHandle(ContextHandler.java:920)
	at org.eclipse.jetty.servlet.ServletHandler.doScope(ServletHandler.java:403)
	at org.eclipse.jetty.server.session.SessionHandler.doScope(SessionHandler.java:184)
	at org.eclipse.jetty.server.handler.ContextHandler.doScope(ContextHandler.java:856)
	at org.eclipse.jetty.server.handler.ScopedHandler.handle(ScopedHandler.java:117)
	at org.eclipse.jetty.server.handler.HandlerList.handle(HandlerList.java:47)
	at org.eclipse.jetty.server.handler.HandlerWrapper.handle(HandlerWrapper.java:114)
	at org.eclipse.jetty.server.Server.handle(Server.java:352)
	at org.eclipse.jetty.server.HttpConnection.handleRequest(HttpConnection.java:596)
	at org.eclipse.jetty.server.HttpConnection$RequestHandler.content(HttpConnection.java:1066)
	at org.eclipse.jetty.http.HttpParser.parseNext(HttpParser.java:805)
	at org.eclipse.jetty.http.HttpParser.parseAvailable(HttpParser.java:218)
	at org.eclipse.jetty.server.HttpConnection.handle(HttpConnection.java:426)
	at org.eclipse.jetty.io.nio.SelectChannelEndPoint.handle(SelectChannelEndPoint.java:510)
	at org.eclipse.jetty.io.nio.SelectChannelEndPoint.access$000(SelectChannelEndPoint.java:34)
	at org.eclipse.jetty.io.nio.SelectChannelEndPoint$1.run(SelectChannelEndPoint.java:40)
	at org.eclipse.jetty.util.thread.QueuedThreadPool$2.run(QueuedThreadPool.java:450)
	at java.lang.Thread.run(Thread.java:745)
... Removed 28 stack frames]]>
    </failure>
  </testcase> <!-- test -->
</testsuite> <!-- IOS Test -->
