<?xml version="1.0" encoding="UTF-8"?>
<testsuite name="TestSuite" time="1.842" tests="1" errors="0" skipped="0" failures="1">
  <properties>
[...]
</properties>
  <testcase name="test" classname="com.westernunion.feature.BrowserTest" time="1.842">
    <failure message="Error forwarding the new session Empty pool of VM for setup Capabilities [{platform=ANY, browserName=firefox, version=}]&#10;Command duration or timeout: 231 milliseconds&#10;Build info: version: &apos;unknown&apos;, revision: &apos;unknown&apos;, time: &apos;unknown&apos;&#10;System info: host: &apos;maretskas-Mac-miniQA.local&apos;, ip: &apos;192.168.2.1&apos;, os.name: &apos;Mac OS X&apos;, os.arch: &apos;x86_64&apos;, os.version: &apos;10.8.5&apos;, java.version: &apos;1.7.0_60&apos;&#10;Driver info: org.openqa.selenium.remote.RemoteWebDriver" type="org.openqa.selenium.WebDriverException"><![CDATA[org.openqa.selenium.WebDriverException: Error forwarding the new session Empty pool of VM for setup Capabilities [{platform=ANY, browserName=firefox, version=}]
Command duration or timeout: 231 milliseconds
Build info: version: 'unknown', revision: 'unknown', time: 'unknown'
System info: host: 'maretskas-Mac-miniQA.local', ip: '192.168.2.1', os.name: 'Mac OS X', os.arch: 'x86_64', os.version: '10.8.5', java.version: '1.7.0_60'
Driver info: org.openqa.selenium.remote.RemoteWebDriver
	at sun.reflect.NativeConstructorAccessorImpl.newInstance0(Native Method)
	at sun.reflect.NativeConstructorAccessorImpl.newInstance(NativeConstructorAccessorImpl.java:57)
	at sun.reflect.DelegatingConstructorAccessorImpl.newInstance(DelegatingConstructorAccessorImpl.java:45)
	at java.lang.reflect.Constructor.newInstance(Constructor.java:526)
	at org.openqa.selenium.remote.ErrorHandler.createThrowable(ErrorHandler.java:193)
	at org.openqa.selenium.remote.ErrorHandler.throwIfResponseFailed(ErrorHandler.java:145)
	at org.openqa.selenium.remote.RemoteWebDriver.execute(RemoteWebDriver.java:595)
	at org.openqa.selenium.remote.RemoteWebDriver.startSession(RemoteWebDriver.java:240)
	at org.openqa.selenium.remote.RemoteWebDriver.<init>(RemoteWebDriver.java:126)
	at org.openqa.selenium.remote.RemoteWebDriver.<init>(RemoteWebDriver.java:153)
	at com.iosdriver.util.CommonUtils.selectedPlatformServer(CommonUtils.java:132)
	at com.westernunion.feature.BrowserTest.test(BrowserTest.java:18)
Caused by: org.openqa.grid.common.exception.GridException: Error forwarding the new session Empty pool of VM for setup Capabilities [{platform=ANY, browserName=firefox, version=}]
	at org.openqa.grid.web.servlet.handler.RequestHandler.process(RequestHandler.java:114)
	at org.openqa.grid.web.servlet.DriverServlet.process(DriverServlet.java:83)
	at org.openqa.grid.web.servlet.DriverServlet.doPost(DriverServlet.java:67)
	at javax.servlet.http.HttpServlet.service(HttpServlet.java:727)
	at javax.servlet.http.HttpServlet.service(HttpServlet.java:820)
	at org.seleniumhq.jetty7.servlet.ServletHolder.handle(ServletHolder.java:565)
	at org.seleniumhq.jetty7.servlet.ServletHandler.doHandle(ServletHandler.java:479)
	at org.seleniumhq.jetty7.server.session.SessionHandler.doHandle(SessionHandler.java:225)
	at org.seleniumhq.jetty7.server.handler.ContextHandler.doHandle(ContextHandler.java:1031)
	at org.seleniumhq.jetty7.servlet.ServletHandler.doScope(ServletHandler.java:406)
	at org.seleniumhq.jetty7.server.session.SessionHandler.doScope(SessionHandler.java:186)
	at org.seleniumhq.jetty7.server.handler.ContextHandler.doScope(ContextHandler.java:965)
	at org.seleniumhq.jetty7.server.handler.ScopedHandler.handle(ScopedHandler.java:117)
	at org.seleniumhq.jetty7.server.handler.HandlerWrapper.handle(HandlerWrapper.java:111)
	at org.seleniumhq.jetty7.server.Server.handle(Server.java:349)
	at org.seleniumhq.jetty7.server.AbstractHttpConnection.handleRequest(AbstractHttpConnection.java:452)
	at org.seleniumhq.jetty7.server.BlockingHttpConnection.handleRequest(BlockingHttpConnection.java:47)
	at org.seleniumhq.jetty7.server.AbstractHttpConnection.content(AbstractHttpConnection.java:894)
	at org.seleniumhq.jetty7.server.AbstractHttpConnection$RequestHandler.content(AbstractHttpConnection.java:948)
	at org.seleniumhq.jetty7.http.HttpParser.parseNext(HttpParser.java:857)
	at org.seleniumhq.jetty7.http.HttpParser.parseAvailable(HttpParser.java:235)
	at org.seleniumhq.jetty7.server.BlockingHttpConnection.handle(BlockingHttpConnection.java:66)
	at org.seleniumhq.jetty7.server.bio.SocketConnector$ConnectorEndPoint.run(SocketConnector.java:254)
	at org.seleniumhq.jetty7.util.thread.QueuedThreadPool.runJob(QueuedThreadPool.java:599)
	at org.seleniumhq.jetty7.util.thread.QueuedThreadPool$3.run(QueuedThreadPool.java:534)
	at java.lang.Thread.run(Thread.java:745)
]]></failure>
    <system-err><![CDATA[log4j:WARN No appenders could be found for logger (org.apache.http.impl.conn.tsccm.ThreadSafeClientConnManager).
log4j:WARN Please initialize the log4j system properly.
log4j:WARN See http://logging.apache.org/log4j/1.2/faq.html#noconfig for more info.
]]></system-err>
  </testcase>
</testsuite>